Using pre-set license
Built from '2020.3/staging' branch; Version is '2020.3.4f1 (0abb6314276a) revision 703331'; Using compiler version '192528614'; Build Type 'Release'
OS: 'Windows 10 Pro; OS build 19041.985; Version 2004; 64bit' Language: 'en' Physical Memory: 7948 MB
BatchMode: 1, IsHumanControllingUs: 0, StartBugReporterOnCrash: 0, Is64bit: 1, IsPro: 0

 COMMAND LINE ARGUMENTS:
C:\Program Files\Unity\Hub\Editor\2020.3.4f1\Editor\Unity.exe
-adb2
-batchMode
-noUpm
-name
AssetImportWorker0
-projectPath
C:/Users/Sindhuja/AnimationsPractise
-logFile
Logs/AssetImportWorker0.log
-srvPort
52861
Successfully changed project path to: C:/Users/Sindhuja/AnimationsPractise
C:/Users/Sindhuja/AnimationsPractise
Using Asset Import Pipeline V2.
Refreshing native plugins compatible for Editor in 31.33 ms, found 0 plugins.
Preloading 0 native plugins for Editor in 0.00 ms.
Initialize engine version: 2020.3.4f1 (0abb6314276a)
[Subsystems] Discovering subsystems at path C:/Program Files/Unity/Hub/Editor/2020.3.4f1/Editor/Data/Resources/UnitySubsystems
[Subsystems] Discovering subsystems at path C:/Users/Sindhuja/AnimationsPractise/Assets
GfxDevice: creating device client; threaded=0
Direct3D:
    Version:  Direct3D 11.0 [level 11.1]
    Renderer: Intel(R) UHD Graphics (ID=0x9b41)
    Vendor:   
    VRAM:     3974 MB
    Driver:   27.20.100.8280
Initialize mono
Mono path[0] = 'C:/Program Files/Unity/Hub/Editor/2020.3.4f1/Editor/Data/Managed'
Mono path[1] = 'C:/Program Files/Unity/Hub/Editor/2020.3.4f1/Editor/Data/MonoBleedingEdge/lib/mono/unityjit'
Mono config path = 'C:/Program Files/Unity/Hub/Editor/2020.3.4f1/Editor/Data/MonoBleedingEdge/etc'
Using monoOptions --debugger-agent=transport=dt_socket,embedding=1,server=y,suspend=n,address=127.0.0.1:56752
Begin MonoManager ReloadAssembly
Registering precompiled unity dll's ...
Register platform support module: C:/Program Files/Unity/Hub/Editor/2020.3.4f1/Editor/Data/PlaybackEngines/WindowsStandaloneSupport/UnityEditor.WindowsStandalone.Extensions.dll
Register platform support module: C:/Program Files/Unity/Hub/Editor/2020.3.4f1/Editor/Data/PlaybackEngines/LinuxStandaloneSupport/UnityEditor.LinuxStandalone.Extensions.dll
Registered in 0.015909 seconds.
Native extension for LinuxStandalone target not found
Native extension for WindowsStandalone target not found
Refreshing native plugins compatible for Editor in 73.58 ms, found 0 plugins.
Preloading 0 native plugins for Editor in 0.00 ms.
Mono: successfully reloaded assembly
- Completed reload, in  8.787 seconds
Platform modules already initialized, skipping
Registering precompiled user dll's ...
Registered in 0.003893 seconds.
Begin MonoManager ReloadAssembly
Native extension for LinuxStandalone target not found
Native extension for WindowsStandalone target not found
Refreshing native plugins compatible for Editor in 0.39 ms, found 0 plugins.
Preloading 0 native plugins for Editor in 0.00 ms.
Mono: successfully reloaded assembly
- Completed reload, in  1.710 seconds
Platform modules already initialized, skipping
========================================================================
Worker process is ready to serve import requests
Launched and connected shader compiler UnityShaderCompiler.exe after 0.08 seconds
Refreshing native plugins compatible for Editor in 0.35 ms, found 0 plugins.
Preloading 0 native plugins for Editor in 0.00 ms.
Unloading 1115 Unused Serialized files (Serialized files now loaded: 0)
System memory in use before: 57.1 MB.
System memory in use after: 57.1 MB.

Unloading 10 unused Assets to reduce memory usage. Loaded Objects now: 1557.
Total: 2.330200 ms (FindLiveObjects: 0.282200 ms CreateObjectMapping: 0.055500 ms MarkObjects: 1.903300 ms  DeleteObjects: 0.087700 ms)

========================================================================
Received Import Request.
  path: Assets/Robot.FBX
  artifactKey: Guid(2e446369e28ff5c4882a6d939e511d2e) Importer(815301076,1909f56bfc062723c751e8b465ee728b)
Start importing Assets/Robot.FBX using Guid(2e446369e28ff5c4882a6d939e511d2e) Importer(815301076,1909f56bfc062723c751e8b465ee728b)  -> (artifact id: '04e1e79d95fbbbca4cb71be713eee0f5') in 0.450705 seconds
  Import took 0.455126 seconds .

========================================================================
Received Import Request.
  Time since last request: 1241.543186 seconds.
  path: Assets
  artifactKey: Guid(00000000000000001000000000000000) Importer(815301076,1909f56bfc062723c751e8b465ee728b)
Start importing Assets using Guid(00000000000000001000000000000000) Importer(815301076,1909f56bfc062723c751e8b465ee728b)  -> (artifact id: '025e4f587c23674256bb898581e82961') in 0.023810 seconds
  Import took 0.041222 seconds .

========================================================================
Received Import Request.
  Time since last request: 14.554645 seconds.
  path: Assets/PlayerMovement.cs
  artifactKey: Guid(65b96bb079143e74daabd24d7c0a2316) Importer(815301076,1909f56bfc062723c751e8b465ee728b)
Start importing Assets/PlayerMovement.cs using Guid(65b96bb079143e74daabd24d7c0a2316) Importer(815301076,1909f56bfc062723c751e8b465ee728b)  -> (artifact id: 'f34b9ca984a3001c48712be30e54c949') in 0.050430 seconds
  Import took 0.058768 seconds .

========================================================================
Received Prepare
Registering precompiled user dll's ...
Registered in 0.000988 seconds.
Begin MonoManager ReloadAssembly
Native extension for LinuxStandalone target not found
Native extension for WindowsStandalone target not found
Refreshing native plugins compatible for Editor in 0.26 ms, found 0 plugins.
Preloading 0 native plugins for Editor in 0.00 ms.
Mono: successfully reloaded assembly
- Completed reload, in  1.710 seconds
Platform modules already initialized, skipping
Refreshing native plugins compatible for Editor in 0.28 ms, found 0 plugins.
Preloading 0 native plugins for Editor in 0.00 ms.
Unloading 1111 Unused Serialized files (Serialized files now loaded: 0)
System memory in use before: 74.1 MB.
System memory in use after: 74.2 MB.

Unloading 5 unused Assets to reduce memory usage. Loaded Objects now: 1605.
Total: 6.833000 ms (FindLiveObjects: 0.491900 ms CreateObjectMapping: 0.190900 ms MarkObjects: 5.920100 ms  DeleteObjects: 0.226800 ms)

========================================================================
Received Import Request.
  Time since last request: 3066.217170 seconds.
  path: Assets/PlayerMovement.cs
  artifactKey: Guid(65b96bb079143e74daabd24d7c0a2316) Importer(815301076,1909f56bfc062723c751e8b465ee728b)
Start importing Assets/PlayerMovement.cs using Guid(65b96bb079143e74daabd24d7c0a2316) Importer(815301076,1909f56bfc062723c751e8b465ee728b)  -> (artifact id: '69f0861c972ccb6d7477773e01e4b1cf') in 0.020812 seconds
  Import took 0.025531 seconds .

========================================================================
Received Prepare
Registering precompiled user dll's ...
Registered in 0.000732 seconds.
Begin MonoManager ReloadAssembly
Native extension for LinuxStandalone target not found
Native extension for WindowsStandalone target not found
Refreshing native plugins compatible for Editor in 0.29 ms, found 0 plugins.
Preloading 0 native plugins for Editor in 0.00 ms.
Mono: successfully reloaded assembly
- Completed reload, in  0.974 seconds
Platform modules already initialized, skipping
Refreshing native plugins compatible for Editor in 0.47 ms, found 0 plugins.
Preloading 0 native plugins for Editor in 0.00 ms.
Unloading 1111 Unused Serialized files (Serialized files now loaded: 0)
System memory in use before: 74.1 MB.
System memory in use after: 74.2 MB.

Unloading 5 unused Assets to reduce memory usage. Loaded Objects now: 1608.
Total: 2.875100 ms (FindLiveObjects: 0.163100 ms CreateObjectMapping: 0.038700 ms MarkObjects: 2.597300 ms  DeleteObjects: 0.074700 ms)

========================================================================
Received Import Request.
  Time since last request: 16726.758840 seconds.
  path: Assets/PlayerMovement.cs
  artifactKey: Guid(65b96bb079143e74daabd24d7c0a2316) Importer(815301076,1909f56bfc062723c751e8b465ee728b)
Start importing Assets/PlayerMovement.cs using Guid(65b96bb079143e74daabd24d7c0a2316) Importer(815301076,1909f56bfc062723c751e8b465ee728b)  -> (artifact id: 'e0ec126e18710ca200f6338b9a80ec6a') in 0.009250 seconds
  Import took 0.012201 seconds .

========================================================================
Received Prepare
Registering precompiled user dll's ...
Registered in 0.000844 seconds.
Begin MonoManager ReloadAssembly
Native extension for LinuxStandalone target not found
Native extension for WindowsStandalone target not found
Refreshing native plugins compatible for Editor in 0.35 ms, found 0 plugins.
Preloading 0 native plugins for Editor in 0.00 ms.
Mono: successfully reloaded assembly
- Completed reload, in  1.219 seconds
Platform modules already initialized, skipping
Refreshing native plugins compatible for Editor in 1.29 ms, found 0 plugins.
Preloading 0 native plugins for Editor in 0.00 ms.
Unloading 1111 Unused Serialized files (Serialized files now loaded: 0)
System memory in use before: 74.1 MB.
System memory in use after: 74.2 MB.

Unloading 5 unused Assets to reduce memory usage. Loaded Objects now: 1611.
Total: 3.037900 ms (FindLiveObjects: 0.247900 ms CreateObjectMapping: 0.221700 ms MarkObjects: 2.288600 ms  DeleteObjects: 0.276800 ms)

========================================================================
Received Prepare
Registering precompiled user dll's ...
Registered in 0.000541 seconds.
Begin MonoManager ReloadAssembly
Native extension for LinuxStandalone target not found
Native extension for WindowsStandalone target not found
Refreshing native plugins compatible for Editor in 0.21 ms, found 0 plugins.
Preloading 0 native plugins for Editor in 0.00 ms.
Mono: successfully reloaded assembly
- Completed reload, in  0.829 seconds
Platform modules already initialized, skipping
Refreshing native plugins compatible for Editor in 0.25 ms, found 0 plugins.
Preloading 0 native plugins for Editor in 0.00 ms.
Unloading 1111 Unused Serialized files (Serialized files now loaded: 0)
System memory in use before: 74.1 MB.
System memory in use after: 74.2 MB.

Unloading 5 unused Assets to reduce memory usage. Loaded Objects now: 1614.
Total: 1.888800 ms (FindLiveObjects: 0.168500 ms CreateObjectMapping: 0.041600 ms MarkObjects: 1.622800 ms  DeleteObjects: 0.054700 ms)

========================================================================
Received Prepare
Registering precompiled user dll's ...
Registered in 0.000702 seconds.
Begin MonoManager ReloadAssembly
Native extension for LinuxStandalone target not found
Native extension for WindowsStandalone target not found
Refreshing native plugins compatible for Editor in 0.23 ms, found 0 plugins.
Preloading 0 native plugins for Editor in 0.00 ms.
Mono: successfully reloaded assembly
- Completed reload, in  0.865 seconds
Platform modules already initialized, skipping
Refreshing native plugins compatible for Editor in 0.22 ms, found 0 plugins.
Preloading 0 native plugins for Editor in 0.00 ms.
Unloading 1111 Unused Serialized files (Serialized files now loaded: 0)
System memory in use before: 74.1 MB.
System memory in use after: 74.2 MB.

Unloading 5 unused Assets to reduce memory usage. Loaded Objects now: 1617.
Total: 1.747200 ms (FindLiveObjects: 0.125500 ms CreateObjectMapping: 0.030500 ms MarkObjects: 1.537200 ms  DeleteObjects: 0.052900 ms)

========================================================================
Received Prepare
Registering precompiled user dll's ...
Registered in 0.000684 seconds.
Begin MonoManager ReloadAssembly
Native extension for LinuxStandalone target not found
Native extension for WindowsStandalone target not found
Refreshing native plugins compatible for Editor in 0.28 ms, found 0 plugins.
Preloading 0 native plugins for Editor in 0.00 ms.
Mono: successfully reloaded assembly
- Completed reload, in  0.733 seconds
Platform modules already initialized, skipping
Refreshing native plugins compatible for Editor in 0.39 ms, found 0 plugins.
Preloading 0 native plugins for Editor in 0.00 ms.
Unloading 1111 Unused Serialized files (Serialized files now loaded: 0)
System memory in use before: 74.2 MB.
System memory in use after: 74.2 MB.

Unloading 5 unused Assets to reduce memory usage. Loaded Objects now: 1620.
Total: 2.458900 ms (FindLiveObjects: 0.384700 ms CreateObjectMapping: 0.088600 ms MarkObjects: 1.913200 ms  DeleteObjects: 0.070700 ms)

========================================================================
Received Import Request.
  Time since last request: 1080.975834 seconds.
  path: Assets/Robot.controller
  artifactKey: Guid(9fab493ff153ce64b85b3e365c400e38) Importer(815301076,1909f56bfc062723c751e8b465ee728b)
Start importing Assets/Robot.controller using Guid(9fab493ff153ce64b85b3e365c400e38) Importer(815301076,1909f56bfc062723c751e8b465ee728b)  -> (artifact id: '3f983dc861c2a4b1d3ae3b28d49b6adc') in 0.030051 seconds
  Import took 0.033403 seconds .

========================================================================
Received Import Request.
  Time since last request: 631.868010 seconds.
  path: Assets/Robot.controller
  artifactKey: Guid(9fab493ff153ce64b85b3e365c400e38) Importer(815301076,1909f56bfc062723c751e8b465ee728b)
Start importing Assets/Robot.controller using Guid(9fab493ff153ce64b85b3e365c400e38) Importer(815301076,1909f56bfc062723c751e8b465ee728b)  -> (artifact id: '374fe9dbf552f3b91187115d3fcd010b') in 0.005966 seconds
  Import took 0.010514 seconds .

========================================================================
Received Import Request.
  Time since last request: 2.387067 seconds.
  path: Assets/ChangePositionAnim.anim
  artifactKey: Guid(439a82c233c575d4ca497072b571a65a) Importer(815301076,1909f56bfc062723c751e8b465ee728b)
Start importing Assets/ChangePositionAnim.anim using Guid(439a82c233c575d4ca497072b571a65a) Importer(815301076,1909f56bfc062723c751e8b465ee728b)  -> (artifact id: 'd32a72b135cffd65bbaa73c96750fb8c') in 0.011428 seconds
  Import took 0.014687 seconds .

========================================================================
Received Import Request.
  Time since last request: 0.001328 seconds.
  path: Assets/ChangePositionAnim.anim
  artifactKey: Guid(439a82c233c575d4ca497072b571a65a) Importer(815301076,1909f56bfc062723c751e8b465ee728b)
Start importing Assets/ChangePositionAnim.anim using Guid(439a82c233c575d4ca497072b571a65a) Importer(815301076,1909f56bfc062723c751e8b465ee728b)  -> (artifact id: 'd32a72b135cffd65bbaa73c96750fb8c') in 0.002914 seconds
  Import took 0.006583 seconds .

========================================================================
Received Prepare
Registering precompiled user dll's ...
Registered in 0.000552 seconds.
Begin MonoManager ReloadAssembly
Native extension for LinuxStandalone target not found
Native extension for WindowsStandalone target not found
Refreshing native plugins compatible for Editor in 0.24 ms, found 0 plugins.
Preloading 0 native plugins for Editor in 0.00 ms.
Mono: successfully reloaded assembly
- Completed reload, in  1.990 seconds
Platform modules already initialized, skipping
Refreshing native plugins compatible for Editor in 0.47 ms, found 0 plugins.
Preloading 0 native plugins for Editor in 0.00 ms.
Unloading 1111 Unused Serialized files (Serialized files now loaded: 0)
System memory in use before: 74.2 MB.
System memory in use after: 74.2 MB.

Unloading 5 unused Assets to reduce memory usage. Loaded Objects now: 1623.
Total: 4.021100 ms (FindLiveObjects: 0.594400 ms CreateObjectMapping: 0.124500 ms MarkObjects: 3.133800 ms  DeleteObjects: 0.163200 ms)

========================================================================
Received Import Request.
  Time since last request: 1570.194810 seconds.
  path: Assets/PlayerEventMessage.cs
  artifactKey: Guid(52be014f91f74ec43ba84a248f61c351) Importer(815301076,1909f56bfc062723c751e8b465ee728b)
Start importing Assets/PlayerEventMessage.cs using Guid(52be014f91f74ec43ba84a248f61c351) Importer(815301076,1909f56bfc062723c751e8b465ee728b)  -> (artifact id: 'de5b72dd241fc1a09174f732ab57b064') in 0.017071 seconds
  Import took 0.022149 seconds .

========================================================================
Received Prepare
Registering precompiled user dll's ...
Registered in 0.000688 seconds.
Begin MonoManager ReloadAssembly
Native extension for LinuxStandalone target not found
Native extension for WindowsStandalone target not found
Refreshing native plugins compatible for Editor in 0.24 ms, found 0 plugins.
Preloading 0 native plugins for Editor in 0.00 ms.
Mono: successfully reloaded assembly
- Completed reload, in  1.070 seconds
Platform modules already initialized, skipping
Refreshing native plugins compatible for Editor in 0.27 ms, found 0 plugins.
Preloading 0 native plugins for Editor in 0.00 ms.
Unloading 1112 Unused Serialized files (Serialized files now loaded: 0)
System memory in use before: 74.2 MB.
System memory in use after: 74.3 MB.

Unloading 5 unused Assets to reduce memory usage. Loaded Objects now: 1627.
Total: 3.047900 ms (FindLiveObjects: 0.332700 ms CreateObjectMapping: 0.078100 ms MarkObjects: 2.545100 ms  DeleteObjects: 0.090700 ms)

========================================================================
Received Prepare
Registering precompiled user dll's ...
Registered in 0.000741 seconds.
Begin MonoManager ReloadAssembly
Native extension for LinuxStandalone target not found
Native extension for WindowsStandalone target not found
Refreshing native plugins compatible for Editor in 0.25 ms, found 0 plugins.
Preloading 0 native plugins for Editor in 0.00 ms.
Mono: successfully reloaded assembly
- Completed reload, in  0.873 seconds
Platform modules already initialized, skipping
Refreshing native plugins compatible for Editor in 0.22 ms, found 0 plugins.
Preloading 0 native plugins for Editor in 0.00 ms.
Unloading 1112 Unused Serialized files (Serialized files now loaded: 0)
System memory in use before: 74.2 MB.
System memory in use after: 74.3 MB.

Unloading 5 unused Assets to reduce memory usage. Loaded Objects now: 1630.
Total: 2.560300 ms (FindLiveObjects: 0.168900 ms CreateObjectMapping: 0.034400 ms MarkObjects: 2.258100 ms  DeleteObjects: 0.096900 ms)

AssetImportWorkerClient::OnTransportError - code=2 error=End of file
